<?xml version="1.0" encoding="UTF-8"?>
<!-- Generated by org.testng.reporters.JUnitReportReporter -->
<testsuite hostname="DESKTOP-L6MIHDM" failures="0" tests="6" name="test.day3" time="0.018" errors="0" timestamp="2023-03-10T13:41:16 EET" skipped="1">
  <testcase classname="test.day3" name="WebLogincarLoan" time="0.002"/>
  <system-out/>
  <testcase classname="test.day3" name="MobileSignoutcarLoan" time="0.001"/>
  <system-out/>
  <testcase classname="test.day3" name="MobileSignoutcarLoan" time="0.007"/>
  <system-out/>
  <testcase classname="test.day3" name="MobileSignoutcarLoan" time="0.001"/>
  <system-out/>
  <testcase classname="test.day3" name="MobileLogincarLoan" time="0.007"/>
  <system-out/>
  <testcase classname="test.day3" name="MobileSignincarLoan">
    <skipped/>
  </testcase> <!-- MobileSignincarLoan -->
  <system-out/>
</testsuite> <!-- test.day3 -->
