<?xml version="1.0" encoding="UTF-8"?>
<!-- Generated by org.testng.reporters.JUnitReportReporter -->
<testsuite hostname="DESKTOP-L6MIHDM" failures="0" tests="3" name="test.day4" time="0.006" errors="0" timestamp="2023-03-10T13:41:16 EET" skipped="0">
  <testcase classname="test.day4" name="MobileLoginHomeLoan" time="0.002"/>
  <system-out/>
  <testcase classname="test.day4" name="WebLoginHomeLoan" time="0.003"/>
  <system-out/>
  <testcase classname="test.day4" name="LoginAPIHomeLoan" time="0.001"/>
  <system-out/>
</testsuite> <!-- test.day4 -->
